rm: cannot remove `success_a1': No such file or directory
change host
change host finish
change grub
change grub finish
Shutting down the listening SSH daemon..done
Starting SSH daemon..done
Shutting down libvirtd ..done
Starting libvirtd 2014-04-30 06:28:15.763+0000: 2281: info : libvirt version: 1.0.5.1
2014-04-30 06:28:15.763+0000: 2281: debug : virLogParseOutputs:1306 : outputs=3:syslog:libvirtd
..done
Restarting xend (old pid 6839 6838 2425) ..done
libvirt and xen conf finish
Starting network time protocol daemon (NTPD)..done
ntp server finish
bridging manage network for cvm
config network bridging
on 20.8.12.43 eth1 will connect to br1
NetworkManage: unknown service
service: no such service NetworkManage
Shutting down network interfaces:
    eth0      device: Intel Corporation 82576 Gigabit Network Conne
..done    eth1      device: Intel Corporation 82576 Gigabit Network Conne
..doneShutting down service network  .  .  .  .  .  .  .  .  ...done
Hint: you may set mandatory devices in /etc/sysconfig/network/config
Setting up network interfaces:
    eth0      device: Intel Corporation 82576 Gigabit Network Conne
    eth0      IP address: 0.0.0.0/32   
..done    eth1      device: Intel Corporation 82576 Gigabit Network Conne
    eth1      IP address: 0.0.0.0/32   
..done    br0       
    br0       Warning: Bridge br0 already exists!
    br0       Ports: 
    br0       Warning: failed to add port eth0: can't add eth0 to bridge br0: Invalid argument
set stp status failed: Operation not supported
set forward delay failed: Operation not supported
    br0       forwarddelay (see man ifcfg-bridge) - no ports in bridge.
    br0       IP address: 10.8.12.43/24   
..done    br1       
    br1       Warning: Bridge br1 already exists!
    br1       Ports: 
    br1       Warning: failed to add port eth1: can't add eth1 to bridge br1: Invalid argument
set stp status failed: Operation not supported
set forward delay failed: Operation not supported
    br1       forwarddelay (see man ifcfg-bridge) - no ports in bridge.
    br1       IP address: 20.8.12.43/16   
..doneSetting up service network  .  .  .  .  .  .  .  .  .  ...done
bridging manage network finish
